Using pre-set license
Built from '2020.3/staging' branch; Version is '2020.3.9f1 (108be757e447) revision 1084391'; Using compiler version '192528614'; Build Type 'Release'
OS: 'Windows 10 Home Single Language; OS build 22000.613; Version 2009; 64bit' Language: 'ru' Physical Memory: 12125 MB
BatchMode: 1, IsHumanControllingUs: 0, StartBugReporterOnCrash: 0, Is64bit: 1, IsPro: 0

 COMMAND LINE ARGUMENTS:
C:\Program Files\Unity\Hub\Editor\2020.3.9f1\Editor\Unity.exe
-adb2
-batchMode
-noUpm
-name
AssetImportWorker0
-projectPath
C:/Users/affec/OneDrive/Документы/GitHub/testrep
-logFile
Logs/AssetImportWorker0.log
-srvPort
58244
Successfully changed project path to: C:/Users/affec/OneDrive/Документы/GitHub/testrep
C:/Users/affec/OneDrive/Документы/GitHub/testrep
Using Asset Import Pipeline V2.
Refreshing native plugins compatible for Editor in 21.81 ms, found 0 plugins.
Preloading 0 native plugins for Editor in 0.00 ms.
Initialize engine version: 2020.3.9f1 (108be757e447)
[Subsystems] Discovering subsystems at path C:/Program Files/Unity/Hub/Editor/2020.3.9f1/Editor/Data/Resources/UnitySubsystems
[Subsystems] Discovering subsystems at path C:/Users/affec/OneDrive/Документы/GitHub/testrep/Assets
GfxDevice: creating device client; threaded=0
Direct3D:
    Version:  Direct3D 11.0 [level 11.1]
    Renderer: NVIDIA GeForce GTX 1050 (ID=0x1c91)
    Vendor:   
    VRAM:     2996 MB
    Driver:   30.0.14.7111
Initialize mono
Mono path[0] = 'C:/Program Files/Unity/Hub/Editor/2020.3.9f1/Editor/Data/Managed'
Mono path[1] = 'C:/Program Files/Unity/Hub/Editor/2020.3.9f1/Editor/Data/MonoBleedingEdge/lib/mono/unityjit'
Mono config path = 'C:/Program Files/Unity/Hub/Editor/2020.3.9f1/Editor/Data/MonoBleedingEdge/etc'
Using monoOptions --debugger-agent=transport=dt_socket,embedding=1,server=y,suspend=n,address=127.0.0.1:56944
Begin MonoManager ReloadAssembly
Registering precompiled unity dll's ...
Register platform support module: C:/Program Files/Unity/Hub/Editor/2020.3.9f1/Editor/Data/PlaybackEngines/WindowsStandaloneSupport/UnityEditor.WindowsStandalone.Extensions.dll
Registered in 0.001457 seconds.
Native extension for WindowsStandalone target not found
Refreshing native plugins compatible for Editor in 20.97 ms, found 0 plugins.
Preloading 0 native plugins for Editor in 0.00 ms.
Mono: successfully reloaded assembly
- Completed reload, in  1.892 seconds
Platform modules already initialized, skipping
Registering precompiled user dll's ...
Registered in 0.000596 seconds.
Begin MonoManager ReloadAssembly
Native extension for WindowsStandalone target not found
Refreshing native plugins compatible for Editor in 0.21 ms, found 0 plugins.
Preloading 0 native plugins for Editor in 0.00 ms.
Mono: successfully reloaded assembly
- Completed reload, in  0.836 seconds
Platform modules already initialized, skipping
========================================================================
Worker process is ready to serve import requests
Launched and connected shader compiler UnityShaderCompiler.exe after 0.04 seconds
Refreshing native plugins compatible for Editor in 0.19 ms, found 0 plugins.
Preloading 0 native plugins for Editor in 0.00 ms.
Unloading 1119 Unused Serialized files (Serialized files now loaded: 0)
System memory in use before: 57.4 MB.
System memory in use after: 57.5 MB.

Unloading 9 unused Assets to reduce memory usage. Loaded Objects now: 1563.
Total: 1.616500 ms (FindLiveObjects: 0.111300 ms CreateObjectMapping: 0.026800 ms MarkObjects: 1.427600 ms  DeleteObjects: 0.050300 ms)

========================================================================
Received Import Request.
  path: Assets/LearnMaterials 2/LearnScene 2.unity
  artifactKey: Guid(587b840597141a647a237943fc6a6be7) Importer(815301076,1909f56bfc062723c751e8b465ee728b)
Start importing Assets/LearnMaterials 2/LearnScene 2.unity using Guid(587b840597141a647a237943fc6a6be7) Importer(815301076,1909f56bfc062723c751e8b465ee728b)  -> (artifact id: 'e9ab36d9397b5bb7356b6def4ea27f5f') in 0.015612 seconds
  Import took 0.017980 seconds .

========================================================================
Received Import Request.
  Time since last request: 160.790604 seconds.
  path: Assets/LearnMaterials 2/Learn prefabs 2/TransparentModule.prefab
  artifactKey: Guid(ed2e39ee0d2adb142a7d126e662eb0f0) Importer(815301076,1909f56bfc062723c751e8b465ee728b)
Start importing Assets/LearnMaterials 2/Learn prefabs 2/TransparentModule.prefab using Guid(ed2e39ee0d2adb142a7d126e662eb0f0) Importer(815301076,1909f56bfc062723c751e8b465ee728b)  -> (artifact id: '70a4f0077cbd371769043671b74a99c8') in 0.100659 seconds
  Import took 0.103610 seconds .

========================================================================
Received Import Request.
  Time since last request: 3.030569 seconds.
  path: Assets/LearnMaterials 1/Room.prefab
  artifactKey: Guid(823664e6bea874443b70a14b9aae385f) Importer(815301076,1909f56bfc062723c751e8b465ee728b)
Start importing Assets/LearnMaterials 1/Room.prefab using Guid(823664e6bea874443b70a14b9aae385f) Importer(815301076,1909f56bfc062723c751e8b465ee728b)  -> (artifact id: '1a062dc661e531f8b2ff878f08b162c8') in 0.229031 seconds
  Import took 0.231212 seconds .

========================================================================
Received Import Request.
  Time since last request: 11.257715 seconds.
  path: Assets/LearnMaterials 2/Learn prefabs 2/Materials
  artifactKey: Guid(11fa60a4f5bdba144a008a674f32eb19) Importer(815301076,1909f56bfc062723c751e8b465ee728b)
Start importing Assets/LearnMaterials 2/Learn prefabs 2/Materials using Guid(11fa60a4f5bdba144a008a674f32eb19) Importer(815301076,1909f56bfc062723c751e8b465ee728b)  -> (artifact id: 'ead342970200f179d593c7c8153d492b') in 0.010209 seconds
  Import took 0.013299 seconds .

========================================================================
Received Import Request.
  Time since last request: 1.232240 seconds.
  path: Assets/LearnMaterials 2/Learn prefabs 2/Textures
  artifactKey: Guid(ec897f9ee2210c749ad1898ea59326f9) Importer(815301076,1909f56bfc062723c751e8b465ee728b)
Start importing Assets/LearnMaterials 2/Learn prefabs 2/Textures using Guid(ec897f9ee2210c749ad1898ea59326f9) Importer(815301076,1909f56bfc062723c751e8b465ee728b)  -> (artifact id: '28a7b9c07813499f1ae0d27f003fd77e') in 0.008698 seconds
  Import took 0.010772 seconds .

AssetImportWorkerClient::OnTransportError - code=2 error=End of file
