Using pre-set license
Built from '2020.3/staging' branch; Version is '2020.3.9f1 (108be757e447) revision 1084391'; Using compiler version '192528614'; Build Type 'Release'
OS: 'Windows 10 Home Single Language; OS build 22000.613; Version 2009; 64bit' Language: 'ru' Physical Memory: 12125 MB
BatchMode: 1, IsHumanControllingUs: 0, StartBugReporterOnCrash: 0, Is64bit: 1, IsPro: 0

 COMMAND LINE ARGUMENTS:
C:\Program Files\Unity\Hub\Editor\2020.3.9f1\Editor\Unity.exe
-adb2
-batchMode
-noUpm
-name
AssetImportWorker0
-projectPath
C:/Users/affec/OneDrive/Документы/GitHub/testrep
-logFile
Logs/AssetImportWorker0.log
-srvPort
58263
Successfully changed project path to: C:/Users/affec/OneDrive/Документы/GitHub/testrep
C:/Users/affec/OneDrive/Документы/GitHub/testrep
Using Asset Import Pipeline V2.
Refreshing native plugins compatible for Editor in 24.89 ms, found 0 plugins.
Preloading 0 native plugins for Editor in 0.00 ms.
Initialize engine version: 2020.3.9f1 (108be757e447)
[Subsystems] Discovering subsystems at path C:/Program Files/Unity/Hub/Editor/2020.3.9f1/Editor/Data/Resources/UnitySubsystems
[Subsystems] Discovering subsystems at path C:/Users/affec/OneDrive/Документы/GitHub/testrep/Assets
GfxDevice: creating device client; threaded=0
Direct3D:
    Version:  Direct3D 11.0 [level 11.1]
    Renderer: NVIDIA GeForce GTX 1050 (ID=0x1c91)
    Vendor:   
    VRAM:     2996 MB
    Driver:   30.0.14.7111
Initialize mono
Mono path[0] = 'C:/Program Files/Unity/Hub/Editor/2020.3.9f1/Editor/Data/Managed'
Mono path[1] = 'C:/Program Files/Unity/Hub/Editor/2020.3.9f1/Editor/Data/MonoBleedingEdge/lib/mono/unityjit'
Mono config path = 'C:/Program Files/Unity/Hub/Editor/2020.3.9f1/Editor/Data/MonoBleedingEdge/etc'
Using monoOptions --debugger-agent=transport=dt_socket,embedding=1,server=y,suspend=n,address=127.0.0.1:56452
Begin MonoManager ReloadAssembly
Registering precompiled unity dll's ...
Register platform support module: C:/Program Files/Unity/Hub/Editor/2020.3.9f1/Editor/Data/PlaybackEngines/WindowsStandaloneSupport/UnityEditor.WindowsStandalone.Extensions.dll
Registered in 0.001511 seconds.
Native extension for WindowsStandalone target not found
Refreshing native plugins compatible for Editor in 20.51 ms, found 0 plugins.
Preloading 0 native plugins for Editor in 0.00 ms.
Mono: successfully reloaded assembly
- Completed reload, in  1.935 seconds
Platform modules already initialized, skipping
Registering precompiled user dll's ...
Registered in 0.000540 seconds.
Begin MonoManager ReloadAssembly
Native extension for WindowsStandalone target not found
Refreshing native plugins compatible for Editor in 0.19 ms, found 0 plugins.
Preloading 0 native plugins for Editor in 0.00 ms.
Mono: successfully reloaded assembly
- Completed reload, in  0.722 seconds
Platform modules already initialized, skipping
========================================================================
Worker process is ready to serve import requests
Launched and connected shader compiler UnityShaderCompiler.exe after 0.04 seconds
Refreshing native plugins compatible for Editor in 0.19 ms, found 0 plugins.
Preloading 0 native plugins for Editor in 0.00 ms.
Unloading 1119 Unused Serialized files (Serialized files now loaded: 0)
System memory in use before: 57.1 MB.
System memory in use after: 57.2 MB.

Unloading 9 unused Assets to reduce memory usage. Loaded Objects now: 1562.
Total: 1.592200 ms (FindLiveObjects: 0.115300 ms CreateObjectMapping: 0.026300 ms MarkObjects: 1.397800 ms  DeleteObjects: 0.052000 ms)

========================================================================
Received Import Request.
  path: Assets/LearnMaterials 2/LearnScene 2.unity
  artifactKey: Guid(587b840597141a647a237943fc6a6be7) Importer(815301076,1909f56bfc062723c751e8b465ee728b)
Start importing Assets/LearnMaterials 2/LearnScene 2.unity using Guid(587b840597141a647a237943fc6a6be7) Importer(815301076,1909f56bfc062723c751e8b465ee728b)  -> (artifact id: 'e9bc2b046679977840cd095711c336de') in 0.016806 seconds
  Import took 0.018519 seconds .

========================================================================
Received Import Request.
  Time since last request: 10.078806 seconds.
  path: Assets/LearnMaterials 2/Scripts
  artifactKey: Guid(ee93b23e76083bf4e9550f1984858724) Importer(815301076,1909f56bfc062723c751e8b465ee728b)
Start importing Assets/LearnMaterials 2/Scripts using Guid(ee93b23e76083bf4e9550f1984858724) Importer(815301076,1909f56bfc062723c751e8b465ee728b)  -> (artifact id: 'a1289c2f7ffab92262d37ca3c63b5bc2') in 0.013778 seconds
  Import took 0.015949 seconds .

========================================================================
Received Import Request.
  Time since last request: 0.402555 seconds.
  path: Assets/LearnMaterials 2/Learn prefabs 2
  artifactKey: Guid(293d35965fa185745825b4d22acd7c14) Importer(815301076,1909f56bfc062723c751e8b465ee728b)
Start importing Assets/LearnMaterials 2/Learn prefabs 2 using Guid(293d35965fa185745825b4d22acd7c14) Importer(815301076,1909f56bfc062723c751e8b465ee728b)  -> (artifact id: 'f387c5d2c44e9cd77bcb401d7c9f7421') in 0.008902 seconds
  Import took 0.010817 seconds .

========================================================================
Received Import Request.
  Time since last request: 0.086107 seconds.
  path: Assets/LearnMaterials 2/Learn prefabs 2/DestroyModule.prefab
  artifactKey: Guid(239b4ac6024ccb342a2c5c73b4b679e9) Importer(815301076,1909f56bfc062723c751e8b465ee728b)
Start importing Assets/LearnMaterials 2/Learn prefabs 2/DestroyModule.prefab using Guid(239b4ac6024ccb342a2c5c73b4b679e9) Importer(815301076,1909f56bfc062723c751e8b465ee728b)  -> (artifact id: '59a1074104c8e51a35b7dad719e0b69e') in 0.336458 seconds
  Import took 0.339857 seconds .

========================================================================
Received Import Request.
  Time since last request: 0.000334 seconds.
  path: Assets/LearnMaterials 2/Learn prefabs 2/ScalerModule.prefab
  artifactKey: Guid(e1676072597cd1e44b7deee5b0c97ee3) Importer(815301076,1909f56bfc062723c751e8b465ee728b)
Start importing Assets/LearnMaterials 2/Learn prefabs 2/ScalerModule.prefab using Guid(e1676072597cd1e44b7deee5b0c97ee3) Importer(815301076,1909f56bfc062723c751e8b465ee728b)  -> (artifact id: '828f43b815d92be3d0ed7ba01f008e95') in 0.022769 seconds
  Import took 0.025962 seconds .

========================================================================
Received Import Request.
  Time since last request: 0.000258 seconds.
  path: Assets/LearnMaterials 2/Learn prefabs 2/TransparentModule.prefab
  artifactKey: Guid(ed2e39ee0d2adb142a7d126e662eb0f0) Importer(815301076,1909f56bfc062723c751e8b465ee728b)
Start importing Assets/LearnMaterials 2/Learn prefabs 2/TransparentModule.prefab using Guid(ed2e39ee0d2adb142a7d126e662eb0f0) Importer(815301076,1909f56bfc062723c751e8b465ee728b)  -> (artifact id: '57297fc09e04671a92dd88f5e5b2921d') in 0.264375 seconds
  Import took 0.266942 seconds .

========================================================================
Received Import Request.
  Time since last request: 0.000231 seconds.
  path: Assets/LearnMaterials 2/Learn prefabs 2/GameObjectActivator.prefab
  artifactKey: Guid(d9115fc0b168d924a8e7e5f9ea27a212) Importer(815301076,1909f56bfc062723c751e8b465ee728b)
Start importing Assets/LearnMaterials 2/Learn prefabs 2/GameObjectActivator.prefab using Guid(d9115fc0b168d924a8e7e5f9ea27a212) Importer(815301076,1909f56bfc062723c751e8b465ee728b)  -> (artifact id: 'cd502b8b1fd3b1c77e476b0cfec99234') in 0.016531 seconds
  Import took 0.019137 seconds .

========================================================================
Received Import Request.
  Time since last request: 7.216071 seconds.
  path: Assets/LearnMaterials 2/Scripts/TransparentModule.cs
  artifactKey: Guid(4a111ee3ab559b54ca4f1fc737583672) Importer(815301076,1909f56bfc062723c751e8b465ee728b)
Start importing Assets/LearnMaterials 2/Scripts/TransparentModule.cs using Guid(4a111ee3ab559b54ca4f1fc737583672) Importer(815301076,1909f56bfc062723c751e8b465ee728b)  -> (artifact id: '5942d272972dde797cabf45f83647703') in 0.005525 seconds
  Import took 0.007390 seconds .

========================================================================
Received Import Request.
  Time since last request: 35.669900 seconds.
  path: Assets/LearnMaterials 2/Scripts/TransparentModule.cs
  artifactKey: Guid(4a111ee3ab559b54ca4f1fc737583672) Importer(815301076,1909f56bfc062723c751e8b465ee728b)
Start importing Assets/LearnMaterials 2/Scripts/TransparentModule.cs using Guid(4a111ee3ab559b54ca4f1fc737583672) Importer(815301076,1909f56bfc062723c751e8b465ee728b)  -> (artifact id: '51834c2339c8c8b3892b38d551e5ca86') in 0.004438 seconds
  Import took 0.007703 seconds .

========================================================================
Received Prepare
Registering precompiled user dll's ...
Registered in 0.000670 seconds.
Begin MonoManager ReloadAssembly
Native extension for WindowsStandalone target not found
Refreshing native plugins compatible for Editor in 0.23 ms, found 0 plugins.
Preloading 0 native plugins for Editor in 0.00 ms.
Mono: successfully reloaded assembly
- Completed reload, in  0.784 seconds
Platform modules already initialized, skipping
Refreshing native plugins compatible for Editor in 0.22 ms, found 0 plugins.
Preloading 0 native plugins for Editor in 0.00 ms.
Unloading 1113 Unused Serialized files (Serialized files now loaded: 0)
System memory in use before: 60.7 MB.
System memory in use after: 60.8 MB.

Unloading 4 unused Assets to reduce memory usage. Loaded Objects now: 1574.
Total: 1.603900 ms (FindLiveObjects: 0.114900 ms CreateObjectMapping: 0.026300 ms MarkObjects: 1.451500 ms  DeleteObjects: 0.010600 ms)

AssetImportWorkerClient::OnTransportError - code=2 error=End of file
